<?xml version="1.0" encoding="UTF-8"?>
<testng-results ignored="0" total="1" passed="1" failed="0" skipped="0">
  <reporter-output>
    <line>
      <![CDATA[No of rows in TCSheet::4  No of rows in TSSheet::9]]>
    </line>
    <line>
      <![CDATA[Login Success::adminflow        http://primusbank.qedgetech.com/adminflow.aspx]]>
    </line>
    <line>
      <![CDATA[AdminLogout Success::]]>
    </line>
  </reporter-output>
  <suite started-at="2023-02-23T14:52:33 IST" name="Default suite" finished-at="2023-02-23T14:52:41 IST" duration-ms="7841">
    <groups>
    </groups>
    <test started-at="2023-02-23T14:52:33 IST" name="Default test" finished-at="2023-02-23T14:52:41 IST" duration-ms="7841">
      <class name="driverFactory.DriverScript">
        <test-method is-config="true" signature="setUp()[pri:0, instance:driverFactory.DriverScript@1530c739]" started-at="2023-02-23T14:52:06 IST" name="setUp" finished-at="2023-02-23T14:52:33 IST" duration-ms="27007" status="PASS">
          <reporter-output>
          </reporter-output>
        </test-method> <!-- setUp -->
        <test-method signature="startTest()[pri:0, instance:driverFactory.DriverScript@1530c739]" started-at="2023-02-23T14:52:33 IST" name="startTest" finished-at="2023-02-23T14:52:41 IST" duration-ms="7740" status="PASS">
          <reporter-output>
            <line>
              <![CDATA[No of rows in TCSheet::4  No of rows in TSSheet::9]]>
            </line>
            <line>
              <![CDATA[Login Success::adminflow        http://primusbank.qedgetech.com/adminflow.aspx]]>
            </line>
            <line>
              <![CDATA[AdminLogout Success::]]>
            </line>
          </reporter-output>
        </test-method> <!-- startTest -->
        <test-method is-config="true" signature="teardown()[pri:0, instance:driverFactory.DriverScript@1530c739]" started-at="2023-02-23T14:52:41 IST" name="teardown" finished-at="2023-02-23T14:52:42 IST" duration-ms="231" status="PASS">
          <reporter-output>
          </reporter-output>
        </test-method> <!-- teardown -->
      </class> <!-- driverFactory.DriverScript -->
    </test> <!-- Default test -->
  </suite> <!-- Default suite -->
</testng-results>
